
2023/11/15 (03:07:42) | ===> btop++ v.1.2.13
2023/11/15 (03:07:42) | WARNING: No good candidate for cpu sensor found, using random from all found sensors.
2023/11/15 (03:11:48) | WARNING: Failed to get disk/partition stats for mount "/run/user/1000/doc" with statvfs error code: 1. Ignoring...

2023/11/15 (03:14:47) | ===> btop++ v.1.2.13
2023/11/15 (03:14:47) | WARNING: No good candidate for cpu sensor found, using random from all found sensors.

2023/11/15 (21:06:00) | ===> btop++ v.1.2.13
2023/11/15 (21:06:00) | WARNING: No good candidate for cpu sensor found, using random from all found sensors.

2023/11/15 (21:46:15) | ===> btop++ v.1.2.13
2023/11/15 (21:46:15) | WARNING: No good candidate for cpu sensor found, using random from all found sensors.

2023/11/24 (01:16:20) | ===> btop++ v.1.2.13
2023/11/24 (01:16:20) | WARNING: No good candidate for cpu sensor found, using random from all found sensors.

2023/11/24 (01:18:48) | ===> btop++ v.1.2.13
2023/11/24 (01:18:48) | WARNING: No good candidate for cpu sensor found, using random from all found sensors.

2023/12/14 (13:58:39) | ===> btop++ v.1.2.13
2023/12/14 (13:58:39) | WARNING: No good candidate for cpu sensor found, using random from all found sensors.

2023/12/22 (12:24:13) | ===> btop++ v.1.2.13
2023/12/22 (12:24:13) | WARNING: No good candidate for cpu sensor found, using random from all found sensors.

2023/12/26 (17:01:46) | ===> btop++ v.1.2.13
2023/12/26 (17:01:46) | WARNING: No good candidate for cpu sensor found, using random from all found sensors.

2024/01/17 (19:08:59) | ===> btop++ v.1.3.0
2024/01/17 (19:08:59) | WARNING: No good candidate for cpu sensor found, using random from all found sensors.

2024/02/07 (21:45:57) | ===> btop++ v.1.3.0
2024/02/07 (21:45:57) | WARNING: No good candidate for cpu sensor found, using random from all found sensors.

2024/02/15 (11:48:44) | ===> btop++ v.1.3.0
2024/02/15 (11:48:44) | WARNING: No good candidate for cpu sensor found, using random from all found sensors.

2024/02/15 (11:49:16) | ===> btop++ v.1.3.0
2024/02/15 (11:49:16) | WARNING: No good candidate for cpu sensor found, using random from all found sensors.

2024/02/22 (05:16:34) | ===> btop++ v.1.3.2
2024/02/22 (05:16:34) | WARNING: No good candidate for cpu sensor found, using random from all found sensors.

2024/03/16 (15:01:09) | ===> btop++ v.1.3.2
2024/03/16 (15:01:09) | WARNING: No good candidate for cpu sensor found, using random from all found sensors.

2024/03/16 (15:17:30) | ===> btop++ v.1.3.2
2024/03/16 (15:17:30) | WARNING: No good candidate for cpu sensor found, using random from all found sensors.

2024/03/16 (17:10:24) | ===> btop++ v.1.3.2
2024/03/16 (17:10:24) | WARNING: No good candidate for cpu sensor found, using random from all found sensors.

2024/03/16 (17:14:31) | ===> btop++ v.1.3.2
2024/03/16 (17:14:31) | WARNING: No good candidate for cpu sensor found, using random from all found sensors.

2024/03/16 (17:30:54) | ===> btop++ v.1.3.2
2024/03/16 (17:30:54) | WARNING: No good candidate for cpu sensor found, using random from all found sensors.
2024/03/16 (17:31:00) | ERROR: Stall in Runner thread, restarting!

2024/03/17 (01:59:37) | ===> btop++ v.1.3.2
2024/03/17 (01:59:37) | WARNING: No good candidate for cpu sensor found, using random from all found sensors.

2024/03/17 (19:35:20) | ===> btop++ v.1.3.2
2024/03/17 (19:35:20) | WARNING: No good candidate for cpu sensor found, using random from all found sensors.
2024/03/17 (19:35:26) | ERROR: Stall in Runner thread, restarting!

2024/03/21 (01:42:59) | ===> btop++ v.1.3.2
2024/03/21 (01:42:59) | WARNING: No good candidate for cpu sensor found, using random from all found sensors.
2024/03/21 (01:43:08) | ERROR: Stall in Runner thread, restarting!

2024/03/21 (01:44:02) | ===> btop++ v.1.3.2
2024/03/21 (01:44:02) | WARNING: No good candidate for cpu sensor found, using random from all found sensors.
2024/03/21 (01:44:12) | ERROR: Stall in Runner thread, restarting!

2024/03/21 (01:51:56) | ===> btop++ v.1.3.2
2024/03/21 (01:51:56) | WARNING: No good candidate for cpu sensor found, using random from all found sensors.
2024/03/21 (01:52:10) | WARNING: Failed to join _runner thread on exit!
2024/03/21 (01:52:10) | ERROR: No response from Runner thread, quitting!

2024/03/21 (02:02:31) | ===> btop++ v.1.3.2
2024/03/21 (02:02:31) | WARNING: No good candidate for cpu sensor found, using random from all found sensors.
2024/03/21 (02:02:41) | ERROR: Stall in Runner thread, restarting!

2024/03/21 (02:06:11) | ===> btop++ v.1.3.2
2024/03/21 (02:06:11) | WARNING: No good candidate for cpu sensor found, using random from all found sensors.
2024/03/21 (02:06:20) | ERROR: Stall in Runner thread, restarting!

2024/03/21 (02:31:12) | ===> btop++ v.1.3.2
2024/03/21 (02:31:12) | WARNING: No good candidate for cpu sensor found, using random from all found sensors.

2024/03/23 (19:28:19) | ===> btop++ v.1.3.2
2024/03/23 (19:28:19) | WARNING: No good candidate for cpu sensor found, using random from all found sensors.
2024/03/23 (19:28:29) | ERROR: Stall in Runner thread, restarting!

2024/03/25 (12:32:29) | ===> btop++ v.1.3.2
2024/03/25 (12:32:29) | WARNING: No good candidate for cpu sensor found, using random from all found sensors.
2024/03/25 (12:32:35) | ERROR: Stall in Runner thread, restarting!

2024/03/25 (12:50:16) | ===> btop++ v.1.3.2
2024/03/25 (12:50:16) | WARNING: No good candidate for cpu sensor found, using random from all found sensors.

2024/04/03 (00:40:48) | ===> btop++ v.1.3.2
2024/04/03 (00:40:48) | WARNING: No good candidate for cpu sensor found, using random from all found sensors.

2024/05/03 (08:38:27) | ===> btop++ v.1.3.2
2024/05/03 (08:38:27) | WARNING: No good candidate for cpu sensor found, using random from all found sensors.

2024/05/03 (08:41:22) | ===> btop++ v.1.3.2
2024/05/03 (08:41:22) | WARNING: No good candidate for cpu sensor found, using random from all found sensors.

2024/05/03 (08:43:10) | ===> btop++ v.1.3.2
2024/05/03 (08:43:10) | WARNING: No good candidate for cpu sensor found, using random from all found sensors.

2024/05/03 (08:43:41) | ===> btop++ v.1.3.2
2024/05/03 (08:43:41) | WARNING: No good candidate for cpu sensor found, using random from all found sensors.

2024/05/03 (08:44:26) | ===> btop++ v.1.3.2
2024/05/03 (08:44:26) | WARNING: No good candidate for cpu sensor found, using random from all found sensors.

2024/05/05 (18:16:09) | ===> btop++ v.1.3.2
2024/05/05 (18:16:09) | WARNING: No good candidate for cpu sensor found, using random from all found sensors.

2024/05/10 (18:20:00) | ===> btop++ v.1.3.2
2024/05/10 (18:20:00) | WARNING: No good candidate for cpu sensor found, using random from all found sensors.

2024/05/11 (13:07:52) | ===> btop++ v.1.3.2
2024/05/11 (13:07:52) | WARNING: No good candidate for cpu sensor found, using random from all found sensors.

2024/05/11 (13:22:29) | ===> btop++ v.1.3.2
2024/05/11 (13:22:29) | WARNING: No good candidate for cpu sensor found, using random from all found sensors.

2024/05/23 (01:25:05) | ===> btop++ v.1.3.2
2024/05/23 (01:25:05) | WARNING: No good candidate for cpu sensor found, using random from all found sensors.

2024/05/26 (00:35:09) | ===> btop++ v.1.3.2
2024/05/26 (00:35:09) | WARNING: No good candidate for cpu sensor found, using random from all found sensors.

2024/05/26 (00:35:23) | ===> btop++ v.1.3.2
2024/05/26 (00:35:23) | WARNING: No good candidate for cpu sensor found, using random from all found sensors.

2024/05/26 (01:39:25) | ===> btop++ v.1.3.2
2024/05/26 (01:39:25) | WARNING: No good candidate for cpu sensor found, using random from all found sensors.

2024/05/26 (02:40:07) | ===> btop++ v.1.3.2
2024/05/26 (02:40:07) | WARNING: No good candidate for cpu sensor found, using random from all found sensors.

2024/05/28 (14:24:07) | ===> btop++ v.1.3.2
2024/05/28 (14:24:07) | WARNING: No good candidate for cpu sensor found, using random from all found sensors.

2024/05/28 (23:22:16) | ===> btop++ v.1.3.2
2024/05/28 (23:22:16) | WARNING: No good candidate for cpu sensor found, using random from all found sensors.

2024/05/28 (23:41:07) | ===> btop++ v.1.3.2
2024/05/28 (23:41:07) | WARNING: No good candidate for cpu sensor found, using random from all found sensors.

2024/05/28 (23:41:11) | ===> btop++ v.1.3.2
2024/05/28 (23:41:11) | WARNING: No good candidate for cpu sensor found, using random from all found sensors.

2024/06/01 (14:20:40) | ===> btop++ v.1.3.2
2024/06/01 (14:20:40) | WARNING: No good candidate for cpu sensor found, using random from all found sensors.

2024/06/01 (14:29:29) | ===> btop++ v.1.3.2
2024/06/01 (14:29:29) | WARNING: No good candidate for cpu sensor found, using random from all found sensors.

2024/06/01 (14:29:53) | ===> btop++ v.1.3.2
2024/06/01 (14:29:53) | WARNING: No good candidate for cpu sensor found, using random from all found sensors.

2024/06/01 (15:17:42) | ===> btop++ v.1.3.2
2024/06/01 (15:17:42) | WARNING: No good candidate for cpu sensor found, using random from all found sensors.

2024/06/01 (16:59:12) | ===> btop++ v.1.3.2
2024/06/01 (16:59:12) | WARNING: No good candidate for cpu sensor found, using random from all found sensors.

2024/06/01 (20:30:01) | ===> btop++ v.1.3.2
2024/06/01 (20:30:01) | WARNING: No good candidate for cpu sensor found, using random from all found sensors.

2024/06/02 (12:22:54) | ===> btop++ v.1.3.2
2024/06/02 (12:22:54) | WARNING: No good candidate for cpu sensor found, using random from all found sensors.

2024/06/02 (19:11:19) | ===> btop++ v.1.3.2
2024/06/02 (19:11:19) | WARNING: No good candidate for cpu sensor found, using random from all found sensors.

2024/06/03 (20:53:00) | ===> btop++ v.1.3.2
2024/06/03 (20:53:00) | WARNING: No good candidate for cpu sensor found, using random from all found sensors.

2024/06/11 (14:59:23) | ===> btop++ v.1.3.2
2024/06/11 (14:59:23) | WARNING: No good candidate for cpu sensor found, using random from all found sensors.

2024/08/25 (12:33:02) | ===> btop++ v.1.3.2
2024/08/25 (12:33:02) | ERROR: Stall in Runner thread, restarting!
2024/08/25 (12:33:08) | ERROR: Stall in Runner thread, restarting!
2024/08/25 (12:33:14) | ERROR: Stall in Runner thread, restarting!
2024/08/25 (12:33:20) | ERROR: Stall in Runner thread, restarting!
2024/08/25 (12:33:26) | ERROR: Stall in Runner thread, restarting!
2024/08/25 (12:33:32) | ERROR: Stall in Runner thread, restarting!
2024/08/25 (12:33:38) | ERROR: Stall in Runner thread, restarting!
2024/08/25 (12:33:44) | ERROR: Stall in Runner thread, restarting!
2024/08/25 (12:33:50) | ERROR: Stall in Runner thread, restarting!
2024/08/25 (12:33:56) | ERROR: Stall in Runner thread, restarting!
2024/08/25 (12:34:02) | ERROR: Stall in Runner thread, restarting!
2024/08/25 (12:34:08) | ERROR: Stall in Runner thread, restarting!
2024/08/25 (12:34:14) | ERROR: Stall in Runner thread, restarting!
2024/08/25 (12:34:20) | ERROR: Stall in Runner thread, restarting!
2024/08/25 (12:34:26) | ERROR: Stall in Runner thread, restarting!
2024/08/25 (12:34:32) | ERROR: Stall in Runner thread, restarting!
2024/08/25 (12:34:38) | ERROR: Stall in Runner thread, restarting!
2024/08/25 (12:34:44) | ERROR: Stall in Runner thread, restarting!
2024/08/25 (12:34:50) | ERROR: Stall in Runner thread, restarting!
2024/08/25 (12:34:56) | ERROR: Stall in Runner thread, restarting!
2024/08/25 (12:35:02) | ERROR: Stall in Runner thread, restarting!
2024/08/25 (12:35:08) | ERROR: Stall in Runner thread, restarting!
2024/08/25 (12:35:14) | ERROR: Stall in Runner thread, restarting!
2024/08/25 (12:35:20) | ERROR: Stall in Runner thread, restarting!
2024/08/25 (12:35:26) | ERROR: Stall in Runner thread, restarting!
2024/08/25 (12:35:32) | ERROR: Stall in Runner thread, restarting!
2024/08/25 (12:35:38) | ERROR: Stall in Runner thread, restarting!
2024/08/25 (12:35:44) | ERROR: Stall in Runner thread, restarting!
2024/08/25 (12:35:50) | ERROR: Stall in Runner thread, restarting!
2024/08/25 (12:35:56) | ERROR: Stall in Runner thread, restarting!
2024/08/25 (12:36:02) | ERROR: Stall in Runner thread, restarting!
2024/08/25 (12:36:08) | ERROR: Stall in Runner thread, restarting!
2024/08/25 (12:36:14) | ERROR: Stall in Runner thread, restarting!
2024/08/25 (12:36:20) | ERROR: Stall in Runner thread, restarting!
2024/08/25 (12:36:26) | ERROR: Stall in Runner thread, restarting!
2024/08/25 (12:36:32) | ERROR: Stall in Runner thread, restarting!
2024/08/25 (12:36:38) | ERROR: Stall in Runner thread, restarting!
2024/08/25 (12:36:44) | ERROR: Stall in Runner thread, restarting!
2024/08/25 (12:36:50) | ERROR: Stall in Runner thread, restarting!
2024/08/25 (12:36:56) | ERROR: Stall in Runner thread, restarting!
2024/08/25 (12:37:02) | ERROR: Stall in Runner thread, restarting!
2024/08/25 (12:37:08) | ERROR: Stall in Runner thread, restarting!
2024/08/25 (12:37:14) | ERROR: Stall in Runner thread, restarting!
2024/08/25 (12:37:20) | ERROR: Stall in Runner thread, restarting!
2024/08/25 (12:37:26) | ERROR: Stall in Runner thread, restarting!
2024/08/25 (12:37:32) | ERROR: Stall in Runner thread, restarting!
2024/08/25 (12:37:38) | ERROR: Stall in Runner thread, restarting!
2024/08/25 (12:37:44) | ERROR: Stall in Runner thread, restarting!
2024/08/25 (12:37:50) | ERROR: Stall in Runner thread, restarting!
2024/08/25 (12:37:56) | ERROR: Stall in Runner thread, restarting!
2024/08/25 (12:38:02) | ERROR: Stall in Runner thread, restarting!
2024/08/25 (12:38:08) | ERROR: Stall in Runner thread, restarting!
2024/08/25 (12:38:14) | ERROR: Stall in Runner thread, restarting!
2024/08/25 (12:38:20) | ERROR: Stall in Runner thread, restarting!
2024/08/25 (12:38:26) | ERROR: Stall in Runner thread, restarting!
2024/08/25 (12:38:32) | ERROR: Stall in Runner thread, restarting!
2024/08/25 (12:38:38) | ERROR: Stall in Runner thread, restarting!
2024/08/25 (12:38:44) | ERROR: Stall in Runner thread, restarting!
2024/08/25 (12:38:50) | ERROR: Stall in Runner thread, restarting!
2024/08/25 (12:38:56) | ERROR: Stall in Runner thread, restarting!
2024/08/25 (12:39:02) | ERROR: Stall in Runner thread, restarting!
2024/08/25 (12:39:08) | ERROR: Stall in Runner thread, restarting!
2024/08/25 (12:39:14) | ERROR: Stall in Runner thread, restarting!
2024/08/25 (12:39:20) | ERROR: Stall in Runner thread, restarting!
2024/08/25 (12:39:26) | ERROR: Stall in Runner thread, restarting!
2024/08/25 (12:39:32) | ERROR: Stall in Runner thread, restarting!
2024/08/25 (12:39:38) | ERROR: Stall in Runner thread, restarting!
2024/08/25 (12:39:44) | ERROR: Stall in Runner thread, restarting!
2024/08/25 (12:39:50) | ERROR: Stall in Runner thread, restarting!
2024/08/25 (12:39:56) | ERROR: Stall in Runner thread, restarting!
2024/08/25 (12:40:02) | ERROR: Stall in Runner thread, restarting!
2024/08/25 (12:40:08) | ERROR: Stall in Runner thread, restarting!
2024/08/25 (12:40:14) | ERROR: Stall in Runner thread, restarting!
2024/08/25 (12:40:21) | ERROR: Stall in Runner thread, restarting!
2024/08/25 (12:40:27) | ERROR: Stall in Runner thread, restarting!
2024/08/25 (12:40:33) | ERROR: Stall in Runner thread, restarting!
2024/08/25 (12:40:39) | ERROR: Stall in Runner thread, restarting!
2024/08/25 (12:40:45) | ERROR: Stall in Runner thread, restarting!
2024/08/25 (12:40:51) | ERROR: Stall in Runner thread, restarting!
2024/08/25 (12:40:57) | ERROR: Stall in Runner thread, restarting!
2024/08/25 (12:41:03) | ERROR: Stall in Runner thread, restarting!
2024/08/25 (12:41:09) | ERROR: Stall in Runner thread, restarting!
2024/08/25 (12:41:15) | ERROR: Stall in Runner thread, restarting!
2024/08/25 (12:41:21) | ERROR: Stall in Runner thread, restarting!
2024/08/25 (12:41:27) | ERROR: Stall in Runner thread, restarting!
2024/08/25 (12:41:33) | ERROR: Stall in Runner thread, restarting!
2024/08/25 (12:41:39) | ERROR: Stall in Runner thread, restarting!
2024/08/25 (12:41:45) | ERROR: Stall in Runner thread, restarting!
2024/08/25 (12:41:51) | ERROR: Stall in Runner thread, restarting!
2024/08/25 (12:41:57) | ERROR: Stall in Runner thread, restarting!
2024/08/25 (12:42:03) | ERROR: Stall in Runner thread, restarting!
2024/08/25 (12:42:09) | ERROR: Stall in Runner thread, restarting!
2024/08/25 (12:42:15) | ERROR: Stall in Runner thread, restarting!
2024/08/25 (12:42:21) | ERROR: Stall in Runner thread, restarting!
2024/08/25 (12:42:27) | ERROR: Stall in Runner thread, restarting!
2024/08/25 (12:42:33) | ERROR: Stall in Runner thread, restarting!
2024/08/25 (12:42:39) | ERROR: Stall in Runner thread, restarting!
2024/08/25 (12:42:45) | ERROR: Stall in Runner thread, restarting!
2024/08/25 (12:42:51) | ERROR: Stall in Runner thread, restarting!
2024/08/25 (12:42:57) | ERROR: Stall in Runner thread, restarting!
2024/08/25 (12:43:03) | ERROR: Stall in Runner thread, restarting!
2024/08/25 (12:43:09) | ERROR: Stall in Runner thread, restarting!
2024/08/25 (12:43:15) | ERROR: Stall in Runner thread, restarting!
2024/08/25 (12:43:21) | ERROR: Stall in Runner thread, restarting!
2024/08/25 (12:43:27) | ERROR: Stall in Runner thread, restarting!
2024/08/25 (12:43:33) | ERROR: Stall in Runner thread, restarting!
2024/08/25 (12:43:39) | ERROR: Stall in Runner thread, restarting!
2024/08/25 (12:43:45) | ERROR: Stall in Runner thread, restarting!
2024/08/25 (12:43:51) | ERROR: Stall in Runner thread, restarting!
2024/08/25 (12:43:57) | ERROR: Stall in Runner thread, restarting!

2024/12/19 (03:56:18) | ===> btop++ v.1.4.0
2024/12/19 (03:56:18) | WARNING: Failed to set locale en_US.utf8 continuing anyway.
